[INFO, 21:00:27.241504] : BaudExpress Rev-481, Last updated 2021-02-10
[INFO, 21:00:27.241531] : Starting BaudOperation for TH012040Q-40008/8720-32C-AC-R/10.31.221.216:3004
[INFO, 21:00:27.241775] : Trying to establish connection with telnet console 10.31.221.216:3004
[INFO, 21:00:27.509661] : Successfully established connection with telnet console 10.31.221.216:3004
[INFO, 21:00:27.510594] : Scanned Info: {
  "iconsole": "10.31.221.216:3004",
  "chassis_sn": "TH012040Q-40008",
  "fan1sn": "L214WJ000C06P",
  "fan1pn": "700-013684-0100",
  "fan2sn": "L214WJ000C06Q",
  "fan2pn": "700-013684-0100",
  "fan3sn": "L214WJ000C07P",
  "fan3pn": "700-013684-0100",
  "fan4sn": "L214WJ000C07P",
  "fan4pn": "700-013684-0100",
  "fan5sn": "L214WJ000C07P",
  "fan5pn": "700-013684-0100",
  "fan6sn": "L214WJ000C07P",
  "fan6pn": "700-013684-0100",
  "psu1sn": "L214WJ000D07P",
  "psu1pn": "700-013684-0200",
  "psu2sn": "L214WJ000D07P",
  "psu2pn": "700-013684-0200"
}
[CMD, 21:00:27.510725] : 

[RSP, 21:00:27.929624] : 

port4
Password: ****




SLX-OS (SLX)
SLX login: 
[CMD, 21:00:27.997980] : admin

[RSP, 21:00:28.208675] : admin


Password: 
[CMD, 21:00:28.231506] : password

[RSP, 21:00:28.415409] : 
2021/02/13-04:56:35, [SEC-1206], 258,, INFO, 8720-32C, Login information: User [admin via console] Last Successful Login Time : Sat Feb 13 00:32:50 2021.

#########################################################################
#  This is a pre-GA image. A pre-GA image might not support all         #
#  functions. Please upgrade to an official GA SLX-OS image using       #
on
[CMD, 21:00:28.432891] : term len 0

[RSP, 21:00:28.515167] : e default account (root, admin and user) have not been changed.

Welcome to the Extreme SLX-OS Software
admin connected from 127.0.0.1 using console on SLX
[?7hSLX# term len 0

[CMD, 21:00:28.532474] : dhcp ztp cancel

[RSP, 21:00:28.761398] : Successfully set This Session Terminal Length to  0.
SLX# dhcp ztp cancel

[CMD, 21:00:28.793221] : show version

[RSP, 21:00:28.988492] : ZTP is not enabled.
SLX# show version

[CMD, 21:00:29.007899] : show env power

[RSP, 21:00:29.537348] : 
SLX-OS Operating System Version: 20.2.3
Copyright (c) 1995-2021 Extreme Networks, Inc.
Firmware name:      20.2.3_bootloader
Build Time:         17:53:01 Dec 10, 2020
Install Time:       02:25:08 Dec 11, 2020
Kernel:             4.14.67
Control Processor:  Intel(R) Atom(TM) CPU C3758 @ 2.20GHz,  8 cores
Microcode Version:  0x32
Memory Size:        System Total: 15630 MB
System Uptime:      64days 2hrs 29mins 32secs 

Name     Primary/Secondary Versions 
------------------------------------------
SLX-OS   20.2.3_bootloader
         20.2.3_bootloader

SLX# show env power

[CMD, 21:00:29.555572] : show env fan

[RSP, 21:00:29.939331] : 
Power Supply #1 is faulty
Power Supply #2 is OK

SLX# show env fan

[CMD, 21:00:29.964978] : show chassis

[RSP, 21:00:30.340413] : Fan 1 is Ok, speed is 6560 RPM
Fan 2 is Ok, speed is 6240 RPM
Fan 3 is Ok, speed is 6400 RPM
Fan 4 is Ok, speed is 6400 RPM
Fan 5 is Ok, speed is 6400 RPM
Fan 6 is Ok, speed is 6240 RPM

SLX# show chassis

[CMD, 21:00:30.359476] : show system

[RSP, 21:00:30.816053] : 
Chassis Name:	8720-32C
switchType: 3200

FAN  Unit: 1	
Time Awake:            	64 days

FAN  Unit: 2	
Time Awake:            	64 days

FAN  Unit: 3	
Time Awake:            	64 days

FAN  Unit: 4	
Time Awake:            	64 days

FAN  Unit: 5	
Time Awake:            	64 days

FAN  Unit: 6	
Time Awake:            	64 days

POWER SUPPLY  Unit: 1	
Time Awake:            	0 days

POWER SUPPLY  Unit: 2	
Time Awake:            	64 days

CHASSIS/WWN  Unit: 1
Power Consume Factor: 	0
Factory Part Num:      	801102-00-02
Factory Serial Num:    	TH012045Q-40025
Manufacture:           	Day: 30  Month: 10  Year: 2020
Update:                	Day: 13  Month:  2  Year: 2021
Time Alive:            	64 days
Time Awake:            	64 days


SLX# show system

[CMD, 21:00:30.837818] : show tpm ekcert

[RSP, 21:00:32.042154] : Stack MAC                     : 40:88:2f:c1:f0:05
 
  -- UNIT 0 --
Unit Name                     : SLX
Up Time                       : up 64 days
Current Time                  : 04:56:37 GMT
SLX-OS Version                : 20.2.3_bootloader
Jumbo Capable                 : yes
Burned In MAC                 : 40:88:2f:c1:f0:00
Management IP                 : 10.24.98.194
Management Port Status        : UP
 
  -- Power Supplies --
PS1 is faulty
PS2 is OK
 
  -- Fan Status --
Fan 1 is Ok, speed is 6560 RPM
Fan 2 is Ok, speed is 6240 RPM
Fan 3 is Ok, speed is 6400 RPM
Fan 4 is Ok, speed is 6400 RPM
Fan 5 is Ok, speed is 6400 RPM
Fan 6 is Ok, speed is 6240 RPM
 
  -- TPM  Status --
TPM Provision status : Provisioned

SLX# show tpm ekcert

[CMD, 21:00:32.062477] : show tpm iakcert

[RSP, 21:00:32.635072] :  SHA1 Fingerprint=59:2B:CE:99:1E:60:AC:A6:C5:02:AA:3E:81:F0:0A:8A:6B:1A:72:48
  Issuer: C=DE, O=Infineon Technologies AG, OU=OPTIGA(TM) TPM2.0, CN=Infineon OPTIGA(TM) RSA Manufacturing CA 034
  Not Before: Jul 18 20:01:45 2020 GMT
  Not After : Jul 18 20:01:45 2035 GMT
SLX# show tpm iakcert

[CMD, 21:00:32.689435] : show tpm idevidcert

[RSP, 21:00:33.070914] :  SHA1 Fingerprint=B7:23:2A:B5:8C:F1:1D:DE:9A:AE:FC:4C:A2:B8:54:BE:3E:47:35:9C
  Subject: C=US, O=Fake, OU=Trusted Delivery, CN=8720-32C:TH012045Q-40025
  Issuer: C=US, O=Fake, OU=Trusted Delivery, CN=Fake TD E-0 Switch LCA 20200731
  Not Before: Nov 19 05:31:51 2020 GMT
  Not After : Nov 19 05:30:51 2035 GMT
SLX# show tpm idevidcert

[CMD, 21:00:33.090588] : exit

[RSP, 21:00:33.643477] : 
 SHA1 Fingerprint=F4:B4:4D:1B:A7:59:92:56:84:78:C7:87:16:AA:72:FE:D4:75:BA:1C
  Subject: C=US, O=Fake, OU=Trusted Delivery, CN=8720-32C:TH012045Q-40025
  Issuer: C=US, O=Fake, OU=Trusted Delivery, CN=Fake TD E-0 Switch LCA 20200731
  Not Before: Nov 19 05:31:53 2020 GMT
  Not After : Nov 19 05:30:53 2035 GMT
SLX# exit

[CMD, 21:00:33.679252] : 


[RSP, 21:00:35.679350] : TIMEOUT 2
[RSP, 21:00:35.679372] : 2021/02/13-04:56:40, [SEC-3022], 259,, INFO, 8720-32C, Event: logout, Status: success, Info: Successful logout by user [admin].



SLX-OS (SLX)
SLX login: 
[INFO, 21:00:35.724247] : ====



[INFO, 21:00:35.724471] : Checking Expected Values swversion : 20.2.3_bootloader/ 20.2.3_bootloader
[INFO, 21:00:35.724680] : PASSED swversion: Expected 20.2.3_bootloader/Found 20.2.3_bootloader 
[INFO, 21:00:35.748636] : Checking Expected Values chassis_sn : TH012045Q-40025/ scanned.chassis_sn
[INFO, 21:00:35.748910] : FAILED chassis_sn: Expected TH012040Q-40008/Found TH012045Q-40025 
[INFO, 21:00:35.749146] : Terminating execution
[INFO, 21:00:35.749157] : Writing ASBF file
[INFO, 21:00:35.751465] : Completed, exiting from threads
