[INFO, 15:26:01.666701] : BaudExpress Rev-481, Last updated 2021-02-10
[INFO, 15:26:01.666724] : Starting BaudOperation for TH01205Q-40040/8720-32C-AC-R/10.31.221.215:3010
[INFO, 15:26:01.666938] : Trying to establish connection with telnet console 10.31.221.215:3010
[INFO, 15:26:06.683189] : Successfully established connection with telnet console 10.31.221.215:3010
[INFO, 15:26:06.683614] : Scanned Info: {
  "iconsole": "10.31.221.215:3010",
  "chassis_sn": "TH01205Q-40040",
  "fan1sn": "2052Q-41271",
  "fan1pn": "XN-FAN-001-R",
  "fan2sn": "2052Q-41272",
  "fan2pn": "XN-FAN-001-R",
  "fan3sn": "2052Q-41273",
  "fan3pn": "XN-FAN-001-R",
  "fan4sn": "2052Q-41274",
  "fan4pn": "XN-FAN-001-R",
  "fan5sn": "2052Q-41275",
  "fan5pn": "XN-FAN-001-R",
  "fan6sn": "2052Q-41276",
  "fan6pn": "XN-FAN-001-R",
  "psu1sn": "L2571500JF06P",
  "psu1pn": "XN-ACPWR-750W-R",
  "psu2sn": "L2571500K306P",
  "psu2pn": "XN-ACPWR-750W-R"
}
[CMD, 15:26:06.683708] : 

[RSP, 15:26:06.764313] : 


SLX-OS (SLX)
SLX login: 
[CMD, 15:26:06.821353] : admin

[RSP, 15:26:06.878900] : admin


Password: 
[CMD, 15:26:06.892328] : password

[RSP, 15:26:07.123614] : 
2021/02/16-23:10:37, [SEC-1206], 2161,, INFO, SLX9150-48XT, Login information: User [admin via console] Last Successful Login Time : Tue Feb 16 23:09:03 2021.

SECURITY WARNING: The default password for at least
one default account (root, admin and user) have not been changed.

Welcome to the Extreme SLX-OS Software
admin connected from 127.0.0.1 using console on SLX
[?7hSLX# 
[CMD, 15:26:07.139434] : term len 0

[RSP, 15:26:07.442950] : term len 0
Successfully set This Session Terminal Length to  0.
SLX# 
[CMD, 15:26:07.463691] : dhcp ztp cancel

[RSP, 15:26:07.870176] : dhcp ztp cancel
ZTP is not enabled.
SLX# 
[CMD, 15:26:07.889101] : show version

[RSP, 15:26:08.442299] : show version

SLX-OS Operating System Version: 20.1.1
Copyright (c) 1995-2021 Extreme Networks, Inc.
Firmware name:      20.1.1
Build Time:         09:47:07 Feb  6, 2020
Install Time:       22:32:18 Apr 10, 2020
Kernel:             4.14.67
Control Processor:  Intel(R) Atom(TM) CPU C3758 @ 2.20GHz,  8 cores
Microcode Version:  0x2e
Memory Size:        System Total: 15632 MB
System Uptime:      0days 0hrs 18mins 22secs 

Name     Primary/Secondary Versions 
------------------------------------------
SLX-OS   20.1.1
         20.1.1

SLX# 
[CMD, 15:26:08.460043] : show env power

[RSP, 15:26:08.882250] : show env power

Power Supply #1 is OK
ARTESYN,700-013917-0000,L257VQ001505P,AirFlow: Port Side Exhaust
Power Supply #2 is absent

SLX# 
[CMD, 15:26:08.899287] : show env fan

[RSP, 15:26:09.295653] : show env fan
Fan 1 is Ok, speed is 11521 RPM
Fan 2 is Ok, speed is 11521 RPM
Fan 3 is Ok, speed is 11521 RPM
Fan 4 is Ok, speed is 11521 RPM
Fan 5 is Ok, speed is 11521 RPM
Fan 6 is Ok, speed is 11521 RPM

SLX# 
[CMD, 15:26:09.316356] : show chassis

[RSP, 15:26:09.751650] : show chassis

Chassis Name:	SLX9150-48XT
switchType: 3010

FAN  Unit: 1	
Time Awake:            	0 days

FAN  Unit: 2	
Time Awake:            	0 days

FAN  Unit: 3	
Time Awake:            	0 days

FAN  Unit: 4	
Time Awake:            	0 days

FAN  Unit: 5	
Time Awake:            	0 days

FAN  Unit: 6	
Time Awake:            	0 days

POWER SUPPLY  Unit: 1	
Time Awake:            	0 days
ID:           		ARTESYN
Part Num:     		700-013917-0000
Serial Num:   		L257VQ001505P

CHASSIS/WWN  Unit: 1
Power Consume Factor: 	0
Factory Part Num:      	800950-00
Factory Serial Num:    	1908Q-20179
Manufacture:           	Day: 19  Month:  2  Year: 2019
Update:                	Day: 16  Month:  2  Year: 2021
Time Alive:            	309 days
Time Awake:            	0 days


SLX# 
[CMD, 15:26:09.770875] : show system

[RSP, 15:26:10.383297] : show system
Stack MAC                     : 00:04:96:b7:86:fa
 
  -- UNIT 0 --
Unit Name                     : SLX
Up Time                       : up 18 min
Current Time                  : 23:10:40 GMT
SLX-OS Version                : 20.1.1
Jumbo Capable                 : yes
Burned In MAC                 : 00:04:96:b7:86:f0
Management IP                 : 10.24.114.233
Management Port Status        : UP
 
  -- Power Supplies --
PS1 is OK
PS2 is absent
 
  -- Fan Status --
Fan 1 is Ok, speed is 11521 RPM
Fan 2 is Ok, speed is 11521 RPM
Fan 3 is Ok, speed is 11521 RPM
Fan 4 is Ok, speed is 11521 RPM
Fan 5 is Ok, speed is 11521 RPM
Fan 6 is Ok, speed is 11521 RPM

SLX# 
[CMD, 15:26:10.401310] : show tpm ekcert

[RSP, 15:26:10.722810] : show tpm ekcert
----------^
syntax error: element does not exist
SLX# 
[CMD, 15:26:10.736498] : show tpm iakcert

[RSP, 15:26:11.065134] : show tpm iakcert
----------^
syntax error: element does not exist
SLX# 
[CMD, 15:26:11.084609] : show tpm idevidcert

[RSP, 15:26:11.407194] : show tpm idevidcert
----------^
syntax error: element does not exist
SLX# 
[CMD, 15:26:11.425912] : write erase

[RSP, 15:26:21.426288] : TIMEOUT 10
[RSP, 15:26:21.426313] : write erase

This command will erase all of the configuration in Compact Flash
while preserving the management addresses, route, licenses and TPVM.

System will go through disruptive reboots during the process.
Please upload all configurations if they need to be saved before
continuing with this command.

Do you want to continue? [y/n]:
[CMD, 15:26:21.538222] : reload

[RSP, 15:26:21.683675] : reload
The value must be one of:
  n  no  y  yes
Do you want to continue? [y/n]:
[CMD, 15:26:21.701537] : y

[RSP, 15:29:21.701264] : TIMEOUT 180
[RSP, 15:29:21.701281] : y
2021/02/16-23:10:52, [IPAD-1000], 2162,, INFO, SLX9150-48XT, IP Config change: Entity:SW/0 Interface:Management 0 Addresss family:IPv4 Source of change:DHCP Address:none/none DHCP:On.
2021/02/16-23:10:54, [RAS-1007], 2163,, INFO, SLX9150-48XT, System is about to reload.
[ 1127.420217] reboot: Restarting system
BIOS 3A06 POST starts...























[11][32][15][19][37][4F][3B][60][61][9A][62][78][68][69][6A][70][71][79][90][92][94][94][94][94][94][94][95][96][91][92][97][2J[1;1H[1;1H[25;78H98[1;1H[25;78H9D[1;1H[25;78H9C[1;1H[25;78HB4[1;1H[25;78HB4[1;1H[25;78H92[1;1H[25;78HA0[1;1H[25;78HA2[1;1H[25;78HA2[1;1H[25;78HA2[1;1H[25;78HA2[1;1H[0;37;40m[2J[1;1H[1;1H[1;1H                                                                                [2;1HProcessor Type: Intel(R) Atom(TM) CPU C3758 @ 2.20GHz                           [3;1HProcessor Speed: 2200 MHz                                                       [4;1HTotal Memory: 16GB (DDR4 2400MHz)                                               [5;1H                                                                                [6;1HUSB Devices total: 0 KBDs, 0 MICE, 1 MASS, 1 HUBs                               [7;1HUSB MASS #0:SanDisk                                                             [8;1H                                                                                [9;1HDetected ATA/ATAPI Devices...                                                   [10;1HSATA PORT0: TS128GMTS950T, S.M.A.R.T Supported                                  [11;1HVersion 2.19.1266. Copyright (C) 2018 American Megatrends, Inc.                 [12;1HBIOS Date: 12/13/2018 10:46:11 Ver: 3A06                                        [13;1H                                                                                [14;1H                                                                                [15;1H                                                                                [16;1H                                                                                [17;1H                                                                                [18;1H                                                                                [19;1H                                                                                [20;1H                                                                                [21;1H                                                                                [22;1H                                                                                [23;1H                                                                                [24;1H                                                                                [25;1H                                                                               [13;1H[13;1HPress <DEL> or <F2> to enter setup.[14;1H[14;1HPress <F11> for BBS POPUP menu.[15;1H[15;1HPress <F12> if you want to boot from the network.[25;1H[25;1HPress <ESC> to skip...5[25;1H[25;1H                       [25;1H[25;1HPress <ESC> to skip...4[25;1H[25;1H                       [25;1H[25;1HPress <ESC> to skip...3[25;1H[25;1H                       [25;1H[25;1HPress <ESC> to skip...2[25;1H[25;1H                       [25;1H[25;1HPress <ESC> to skip...1[25;1H[25;1H                       [25;1H[25;1HPress <ESC> to skip...0[25;1H[25;1H                       [25;1H[25;1HBooting...[0;30;47mWelcome to GRUB!

[0;37;40m[H[J[1;1H[?25l[m[H[J[1;1H[2;27HGNU GRUB  version 2.02~beta3

[m[4;2H+----------------------------------------------------------------------------+[5;2H|[5;79H|[6;2H|[6;79H|[7;2H|[7;79H|[8;2H|[8;79H|[9;2H|[9;79H|[10;2H|[10;79H|[11;2H|[11;79H|[12;2H|[12;79H|[13;2H|[13;79H|[14;2H|[14;79H|[15;2H|[15;79H|[16;2H|[16;79H|[17;2H+----------------------------------------------------------------------------+[m[18;2H[19;2H[m     Use the ^ and v keys to select which entry is highlighted.          
      Press enter to boot the selected OS, `e' to edit the commands       






      before booting or `c' for a command-line.                           [5;80H [7m[5;3H*SLX-OS                                                                     [m[5;78H[m[m[6;3H Offline Diagnostic                                                         [m[6;78H[m[m[7;3H ONIE                                                                       [m[7;78H[m[m[8;3H                                                                            [m[8;78H[m[m[9;3H                                                                            [m[9;78H[m[m[10;3H                                                                            [m[10;78H[m[m[11;3H                                                                            [m[11;78H[m[m[12;3H                                                                            [m[12;78H[m[m[13;3H                                                                            [m[13;78H[m[m[14;3H                                                                            [m[14;78H[m[m[15;3H                                                                            [m[15;78H[m[m[16;3H                                                                            [m[16;78H[m[16;80H [5;78H[22;1H   The highlighted entry will be executed automatically in 5s.                 [5;78H[22;1H   The highlighted entry will be executed automatically in 4s.                 [5;78H[22;1H   The highlighted entry will be executed automatically in 3s.                 [5;78H[22;1H   The highlighted entry will be executed automatically in 2s.                 [5;78H[22;1H   The highlighted entry will be executed automatically in 1s.                 [5;78H[22;1H   The highlighted entry will be executed automatically in 0s.                 [5;78H[?25h[H[J[1;1H[H[J[1;1H  Booting `SLX-OS'

Loading ONIE SLX-OS ...$PRT $devroot
[    0.000000] Set up gos info in wmap ffff9bf36e700000
INIT: version 2.88 booting
Starting udev
===========================================================================
Firmware Integrity Check is default off
Bypassing firmware validation.
Hostname is SLX
INIT: Entering runlevel: 3
================================================================================
No KAT tests to run!
================================================================================
Rename eth0
Create bridge
Configuring network interfaces... done.
Starting OpenBSD Secure Shell server: sshd
done.
Starting rpcbind daemon...done.
starting DNS forwarder and DHCP server: dnsmasq... done.
Starting ntpd: done
Starting internet superserver: xinetd.
Waiting to starting configuration management service
Starting configuration management service
 * Starting virtualization library daemon: libvirtd
Starting crond: OK
start ethphyd...
Arguments List:
Partition :           0
Log absolute path :   /var/log/fwdl.log
Arguments List:
Partition :           1
Log absolute path :   /var/log/fwdl.log
Performing configuration cleanup. Please wait ...
=== start Tue Feb 16 23:12:06 GMT 2021
Finished cleanup. 

Finished cleanup. 

Finished cleanup. 

Finished cleanup. 

Finished cleanup. 

Finished cleanup. 

=== end Tue Feb 16 23:12:08 GMT 2021
Performing configuration cleanup. Please wait ...
=== start Tue Feb 16 23:12:08 GMT 2021
Finished cleanup. 

Finished cleanup. 

Finished cleanup. 

Finished cleanup. 

Finished cleanup. 

Finished cleanup. 

=== end Tue Feb 16 23:12:09 GMT 2021
cp: cannot stat '/mnt//etc/ssh/ssh_config_backup': No such file or directory
cp: cannot stat '/mnt//etc/ssh/sshd_config_backup': No such file or directory
pdcheck: info: Created New pd control file
Info: panic dump has been initialized!
 DCM MODE:0x0
SWBD module launch ... Tue Feb 16 23:12:11 GMT 2021
[   43.574554] CPLD INIT DONE 
Starting HASM ... 3010 0x0 0 -- Tue Feb 16 23:12:12 GMT 2021



SLX-OS (SLX)
SLX login: SNMP Research EMANATE/Lite Agent Version 16.2.0.9
Copyright 1989-2006 SNMP Research, Inc.
/etc/syslog.conf, created default file
tp_register, got none fss tp handle=10000001h
2021/02/16-23:12:12, [HASM-1004], 2164,, INFO, SLX9150-48XT, SW/0 Processor reloaded - ChassisReboot.














































[33m.[0m[33m.[0m[33m.[0m[33m.[0m[33m.[0m[33m.[0m[33m.[0m[33m.[0m[33m.[0m[33m.[0m[33m.[0m[33m.[0m[33m.[0m[33m.[0m[33m.[0m[33m.[0m[33m.[0m[33m.[0m[33m.[0m[33m.[0m[33m.[0m[33m.[0m[33m.[0m[33m.[0m[33m.[0m[33m.[0m[33m.[0m[33m.[0m[33m.[0m[33m.[0m[33m.[0m[33m.[0m[33m.[0m[33m.[0m[33m.[0m[33m.[0m[33m.[0m[33m.[0m[33m.[0m[33m.[0m[33m.[0m[33m.[0m[33m.[0m[33m.[0m[33m.[0m[33m.[0m[33m.[0mdcm init successful
2021/02/16-23:13:13, [SEC-1197], 2165,, INFO, SLX, Changed account root.
2021/02/16-23:13:13, [SEC-1204], 2166,, INFO, SLX, Root access mode is configured to default(SSH/Telnet/Console).
2021/02/16-23:13:14, [SNMP-1005], 2167,, INFO, SLX, SNMP configuration attribute, sysDescr, has changed from [Extreme SLX Switch/Router] to [Extreme SLX9150-48XT Switch].


  mgid_rsc_lib_init COMMENTED 

[31mERROR  : Tue Feb 16 23:13:15 2021 : StreamingSocketBase::send (const string &dataString) : errno : 104 pid:6707, socket 18[0m
*** errno = 2 ***
[31mERROR  : Tue Feb 16 23:13:15 2021 : WaveManagementServer::connect : Error while sending WaveManagementClientInformation. TRY: 0/420 clientName: vrrp0[0m
Passed :: register_for_publisher_notification passed from QOS client... 

2021/02/16-23:13:18, [HASM-1108], 2168,, INFO, SLX9150-48XT, All service instances become active.
2021/02/16-23:13:18, [HASM-1134], 2169,, INFO, SLX9150-48XT, All service instances on Active.
2021/02/16-23:13:19, [DCM-1002], 2170,, INFO, SLX, PostBoot processing on global config has started.
2021/02/16-23:13:19, [DOT1-1013], 2171, DCE, INFO, SLX, DOT1X test timeout value is set to 10.
2021/02/16-23:13:19, [ONMD-1002], 2172, DCE, INFO, SLX, LLDP global configuration is changed.
2021/02/16-23:13:19, [ONMD-1002], 2173, DCE, INFO, SLX, LLDP global configuration is changed.
2021/02/16-23:13:19, [ONMD-1002], 2174, DCE, INFO, SLX, LLDP global configuration is changed.
2021/02/16-23:13:19, [NSM-1004], 2175, DCE, INFO, SLX,  Vlan 1 is created.
2021/02/16-23:13:19, [DCM-1003], 2176,, INFO, SLX, PostBoot processing on global config is complete.
This is Extreme (0xbc2) at slot 0 (0)
xml_parse_signature_node(977): Total SFP media found: [0]
xml_parse_signature_node(980): Total QSFP media found: [38]
xml_parse_signature_node(983): Total QSF[  114.238592] _sys_sock_create: AF_MI6 = 65 AF_MAX = 107
P28 media found: [53]
xml_parse_signature_node(977): Total SFP media found: [0]
xml_parse_signature_node(980): Total QSFP media found: [38]
xml_parse_signature_node(983): Total QSFP28 media found: [53]
sysmod_iocpld_init: fake done
2021/02/16-23:13:22, [HASM-1108], 2177,, INFO, SLX9150-48XT, All service instances become active.

bcm_create_application_global_lock: sdk_api_global_lock lock initialized!!!!
Broadcom Command Monitor: Copyright (c) 1998-2020 Broadcom
Release: sdk-6.5.15 built 20200206 (Thu Feb  6 01:24:58 2020)
From swrel@hq1-ub-ecbld-810:/vobs/projects/springboard/build/swbd3006/fabos/src/sys/lib/pptm/../../../../../../../tps/broadcom/sdk-all-fusion/
Platform: X86
OS: Unix (Posix)
PCI unit 0: Dev 0xb771, Rev 0x01, Chip BCM56771_A0, Driver BCM56770_A0
SOC unit 0 attached to PCI device BCM56771_A0
rc: unit 0 device BCM56771_A0
Loading M0 Firmware located at /fabos/brcmsdk/linkscan_led_fw.bin
Loading M0 Firmware located at /fabos/brcmsdk/custom_led.bin
UNIT0 CANCUN: 
	CIH: LOADED
	Ver: 03.01.02

	CMH: LOADED
	Ver: 03.01.02
	SDK Ver: 06.05.15

	CCH: LOADED
	Ver: 03.01.02
	SDK Ver: 06.05.15

	CEH: LOADED
	Ver: 03.01.02
	SDK Ver: 06.05.15

rc: MMU initialized
[uC msg]UC0 messaging system: up
***************** After (5) Seconds (575)
***************** After (5) Seconds (580)
*** unit 0: ports capable of limited speed range cut-thru
ALPM Distributed HITBIT thread enabled (interval 1000000 us)
*** unit 0: alpm level 2 loaded: 4 banks in combined-128 
rc: BCM driver initialized
rc: Port modes initialized

2021/02/16-23:13:44, [DCM-1016], 2178,, INFO, SLX, Switch is in ZTP mode. Configuration related commands will not be allowed. Cancel ZTP or wait until ZTP has completed to make cha
2021/02/16-23:13:45, [FW-1424], 2179,, WARNING, SLX9150-48XT, Switch status changed from HEALTHY to MARGINAL.
2021/02/16-23:13:45, [FW-1428], 2180,, WARNING, SLX9150-48XT, Switch status change contributing factor Power supply: 1 absent.

[INFO, 15:29:21.742844] : ====



[INFO, 15:29:21.743030] : Checking Expected Values swversion : 20.1.1/ 20.2.3_bootloader
[INFO, 15:29:21.743176] : FAILED swversion: Expected 20.2.3_bootloader/Found 20.1.1 
[INFO, 15:29:21.743333] : Terminating execution
[INFO, 15:29:21.743345] : Writing ASBF file
[INFO, 15:29:21.745210] : Completed, exiting from threads
