[INFO, 05-04-52] : BaudExpress Rev-481, Last updated 2021-02-10
[INFO, 05-04-52] : Starting BaudOperation for TH012040Q-40008/SLX9150-48XT-6C-AC-F/10.31.221.215:3010
[INFO, 05-04-52] : Trying to establish connection with telnet console 10.31.221.215:3010
[INFO, 05-04-57] : Successfully established connection with telnet console 10.31.221.215:3010
[INFO, 05-04-57] : Scanned Info: {
  "iconsole": "10.31.221.215:3010",
  "chassis_sn": "TH012040Q-40008",
  "fan1sn": "L214WJ000C06P",
  "fan1pn": "700-013684-0100",
  "fan3sn": "L214WJ000C06Q",
  "fan3pn": "700-013684-0100",
  "fan2sn": "L214WJ000C07P",
  "fan2pn": "700-013684-0100",
  "psu1sn": "L214WJ000D07P",
  "psu1pn": "700-013684-0200"
}
[CMD, 05-04-57] : {'cmd': '\n', 'prompt': ['SLX.*login'], 'timeout': 10, 'usermsg': {'text': 'Please ensure that unit is powered on', 'image': None}}
[RSP, 05-04-57] : 


SLX-OS (SLX)
SLX login: 
[CMD, 05-04-57] : {'cmd': 'admin\n', 'prompt': ['Password:'], 'timeout': 10}
[RSP, 05-04-57] : admin


Password: 
[CMD, 05-04-57] : {'cmd': 'password\n', 'prompt': ['SLX.*#'], 'timeout': 10}
[RSP, 05-04-57] : 
2021/02/10-12:49:35, [SEC-1206], 1889,, INFO, SLX9150-48XT, Login information: User [admin via console] Last Successful Login Time : Wed Feb 10 12:39:15 2021.

SECURITY WARNING: The default password for at least
one default account (root, admin and user) have not been changed.

Welcome to the Extreme SLX-OS Software
admin connected from 127.0.0.1 using console on SLX
[?7hSLX# 
[CMD, 05-04-57] : {'cmd': 'term len 0\n', 'prompt': ['SLX.*#'], 'timeout': 10}
[RSP, 05-04-58] : term len 0
Successfully set This Session Terminal Length to  0.
SLX# 
[CMD, 05-04-58] : {'cmd': 'dhcp ztp cancel\n', 'prompt': ['SLX.*#'], 'timeout': 10}
[RSP, 05-04-58] : dhcp ztp cancel
ZTP is not enabled.
SLX# 
[CMD, 05-04-58] : {'cmd': 'show version\n', 'prompt': ['SLX.*#'], 'timeout': 10}
[RSP, 05-04-59] : show version

SLX-OS Operating System Version: 20.1.1
Copyright (c) 1995-2021 Extreme Networks, Inc.
Firmware name:      20.1.1
Build Time:         09:47:07 Feb  6, 2020
Install Time:       22:32:18 Apr 10, 2020
Kernel:             4.14.67
Control Processor:  Intel(R) Atom(TM) CPU C3758 @ 2.20GHz,  8 cores
Microcode Version:  0x2e
Memory Size:        System Total: 15632 MB
System Uptime:      0days 16hrs 52mins 10secs 

Name     Primary/Secondary Versions 
------------------------------------------
SLX-OS   20.1.1
         20.1.1

SLX# 
[CMD, 05-04-59] : {'cmd': 'show env power\n', 'prompt': ['SLX.*#'], 'timeout': 10}
[RSP, 05-04-59] : show env power

Power Supply #1 is OK
ARTESYN,700-013917-0000,L257VQ001505P,AirFlow: Port Side Exhaust
Power Supply #2 is absent

SLX# 
[CMD, 05-04-59] : {'cmd': 'show env fan\n', 'prompt': ['SLX.*#'], 'timeout': 10}
[RSP, 05-04-59] : show env fan
Fan 1 is Ok, speed is 11041 RPM
Fan 2 is Ok, speed is 11041 RPM
Fan 3 is Ok, speed is 11041 RPM
Fan 4 is Ok, speed is 10881 RPM
Fan 5 is Ok, speed is 10881 RPM
Fan 6 is Ok, speed is 10881 RPM

SLX# 
[CMD, 05-04-59] : {'cmd': 'show chassis\n', 'prompt': ['SLX.*#'], 'timeout': 10}
[RSP, 05-05-00] : show chassis

Chassis Name:	SLX9150-48XT
switchType: 3010

FAN  Unit: 1	
Time Awake:            	0 days

FAN  Unit: 2	
Time Awake:            	0 days

FAN  Unit: 3	
Time Awake:            	0 days

FAN  Unit: 4	
Time Awake:            	0 days

FAN  Unit: 5	
Time Awake:            	0 days

FAN  Unit: 6	
Time Awake:            	0 days

POWER SUPPLY  Unit: 1	
Time Awake:            	0 days
ID:           		ARTESYN
Part Num:     		700-013917-0000
Serial Num:   		L257VQ001505P

CHASSIS/WWN  Unit: 1
Power Consume Factor: 	0
Factory Part Num:      	800950-00
Factory Serial Num:    	1908Q-20179
Manufacture:           	Day: 19  Month:  2  Year: 2019
Update:                	Day:  9  Month:  2  Year: 2021
Time Alive:            	302 days
Time Awake:            	0 days


SLX# 
[CMD, 05-05-00] : {'cmd': 'show system\n', 'prompt': ['SLX.*#'], 'timeout': 10}
[RSP, 05-05-00] : show system
Stack MAC                     : 00:04:96:b7:86:fa
 
  -- UNIT 0 --
Unit Name                     : SLX
Up Time                       : up 16:52
Current Time                  : 12:49:38 GMT
SLX-OS Version                : 20.1.1
Jumbo Capable                 : yes
Burned In MAC                 : 00:04:96:b7:86:f0
Management IP                 : 10.24.114.233
Management Port Status        : UP
 
  -- Power Supplies --
PS1 is OK
PS2 is absent
 
  -- Fan Status --
Fan 1 is Ok, speed is 11041 RPM
Fan 2 is Ok, speed is 11041 RPM
Fan 3 is Ok, speed is 11041 RPM
Fan 4 is Ok, speed is 10881 RPM
Fan 5 is Ok, speed is 10881 RPM
Fan 6 is Ok, speed is 10881 RPM

SLX# 
[CMD, 05-05-00] : {'cmd': 'exit\n', 'prompt': ['SLX.*login'], 'timeout': 10}
[RSP, 05-05-02] : exit
2021/02/10-12:49:38, [SEC-3022], 1890,, INFO, SLX9150-48XT, Event: logout, Status: success, Info: Successful logout by user [admin].



SLX-OS (SLX)
SLX login: 
