[INFO, 05:30:41.878472] : BaudExpress Rev-481, Last updated 2021-02-10
[INFO, 05:30:41.878497] : Starting BaudOperation for TH012040Q-40008/SLX9150-48XT-6C-AC-F/10.31.221.215:3010
[INFO, 05:30:41.878693] : Trying to establish connection with telnet console 10.31.221.215:3010
[INFO, 05:30:46.938437] : Successfully established connection with telnet console 10.31.221.215:3010
[INFO, 05:30:46.939249] : Scanned Info: {
  "iconsole": "10.31.221.215:3010",
  "chassis_sn": "TH012040Q-40008",
  "fan1sn": "L214WJ000C06P",
  "fan1pn": "700-013684-0100",
  "fan3sn": "L214WJ000C06Q",
  "fan3pn": "700-013684-0100",
  "fan2sn": "L214WJ000C07P",
  "fan2pn": "700-013684-0100",
  "psu1sn": "L214WJ000D07P",
  "psu1pn": "700-013684-0200"
}
[CMD, 05:30:46.939481] : 

[RSP, 05:30:46.963595] : 


SLX-OS (SLX)
SLX login: 
[CMD, 05:30:47.021620] : admin

[RSP, 05:30:47.090072] : admin


Password: 
[CMD, 05:30:47.126399] : password

[RSP, 05:30:47.311043] : 
2021/02/10-13:15:24, [SEC-1206], 1897,, INFO, SLX9150-48XT, Login information: User [admin via console] Last Successful Login Time : Wed Feb 10 13:11:05 2021.

SECURITY WARNING: The default password for at least
one default account (root, admin and user) have not been changed.

Welcome to the Extreme SLX-OS Software
admin connected from 127.0.0.1 using console on SLX
[?7hSLX# 
[CMD, 05:30:47.338390] : term len 0

[RSP, 05:30:47.646050] : term len 0
Successfully set This Session Terminal Length to  0.
SLX# 
[CMD, 05:30:47.670692] : dhcp ztp cancel

[RSP, 05:30:48.148486] : dhcp ztp cancel
ZTP is not enabled.
SLX# 
[CMD, 05:30:48.164935] : show version

[RSP, 05:30:48.718705] : show version

SLX-OS Operating System Version: 20.1.1
Copyright (c) 1995-2021 Extreme Networks, Inc.
Firmware name:      20.1.1
Build Time:         09:47:07 Feb  6, 2020
Install Time:       22:32:18 Apr 10, 2020
Kernel:             4.14.67
Control Processor:  Intel(R) Atom(TM) CPU C3758 @ 2.20GHz,  8 cores
Microcode Version:  0x2e
Memory Size:        System Total: 15632 MB
System Uptime:      0days 17hrs 18mins 0secs 

Name     Primary/Secondary Versions 
------------------------------------------
SLX-OS   20.1.1
         20.1.1

SLX# 
[CMD, 05:30:48.738064] : show env power

[RSP, 05:30:49.276667] : show env power

Power Supply #1 is OK
ARTESYN,700-013917-0000,L257VQ001505P,AirFlow: Port Side Exhaust
Power Supply #2 is absent

SLX# 
[CMD, 05:30:49.301164] : show env fan

[RSP, 05:30:49.787093] : show env fan
Fan 1 is Ok, speed is 10881 RPM
Fan 2 is Ok, speed is 10881 RPM
Fan 3 is Ok, speed is 10881 RPM
Fan 4 is Ok, speed is 10881 RPM
Fan 5 is Ok, speed is 10881 RPM
Fan 6 is Ok, speed is 10881 RPM

SLX# 
[CMD, 05:30:49.811881] : show chassis

[RSP, 05:30:50.299676] : show chassis

Chassis Name:	SLX9150-48XT
switchType: 3010

FAN  Unit: 1	
Time Awake:            	0 days

FAN  Unit: 2	
Time Awake:            	0 days

FAN  Unit: 3	
Time Awake:            	0 days

FAN  Unit: 4	
Time Awake:            	0 days

FAN  Unit: 5	
Time Awake:            	0 days

FAN  Unit: 6	
Time Awake:            	0 days

POWER SUPPLY  Unit: 1	
Time Awake:            	0 days
ID:           		ARTESYN
Part Num:     		700-013917-0000
Serial Num:   		L257VQ001505P

CHASSIS/WWN  Unit: 1
Power Consume Factor: 	0
Factory Part Num:      	800950-00
Factory Serial Num:    	1908Q-20179
Manufacture:           	Day: 19  Month:  2  Year: 2019
Update:                	Day:  9  Month:  2  Year: 2021
Time Alive:            	302 days
Time Awake:            	0 days


SLX# 
[CMD, 05:30:50.323091] : show system

[RSP, 05:30:50.988769] : 
show system
Stack MAC                     : 00:04:96:b7:86:fa
 
  -- UNIT 0 --
Unit Name                     : SLX
Up Time                       : up 17:18
Current Time                  : 13:15:28 GMT
SLX-OS Version                : 20.1.1
Jumbo Capable                 : yes
Burned In MAC                 : 00:04:96:b7:86:f0
Management IP                 : 10.24.114.233
Management Port Status        : UP
 
  -- Power Supplies --
PS1 is OK
PS2 is absent
 
  -- Fan Status --
Fan 1 is Ok, speed is 10881 RPM
Fan 2 is Ok, speed is 10881 RPM
Fan 3 is Ok, speed is 10881 RPM
Fan 4 is Ok, speed is 10881 RPM
Fan 5 is Ok, speed is 10881 RPM
Fan 6 is Ok, speed is 10881 RPM

SLX# 
[CMD, 05:30:51.013382] : exit

[RSP, 05:30:52.550496] : exit
2021/02/10-13:15:28, [SEC-3022], 1898,, INFO, SLX9150-48XT, Event: logout, Status: success, Info: Successful logout by user [admin].



SLX-OS (SLX)
SLX login: 
[INFO, 05:30:52.600934] : ====



[INFO, 05:30:52.601129] : Checking Expected Values swversion : 20.1.1/ 20.2.3_bootloader
[INFO, 05:30:52.601290] : FAILED swversion: Expected 20.2.3_bootloader/Found 20.1.1 
[INFO, 05:30:52.601425] : Terminating execution
[INFO, 05:30:52.601432] : Writing ASBF file
[INFO, 05:30:52.602339] : Completed, exiting from threads
