[INFO, 10:17:46.084316] : BaudExpress Rev-481, Last updated 2021-02-10
[INFO, 10:17:46.084344] : Starting BaudOperation for TH012040Q-40008/SLX9150-48XT-6C-AC-F/10.31.221.215:3010
[INFO, 10:17:46.084575] : Trying to establish connection with telnet console 10.31.221.215:3010
[INFO, 10:17:51.100186] : Successfully established connection with telnet console 10.31.221.215:3010
[INFO, 10:17:51.100705] : Scanned Info: {
  "iconsole": "10.31.221.215:3010",
  "chassis_sn": "TH012040Q-40008",
  "fan1sn": "L214WJ000C06P",
  "fan1pn": "700-013684-0100",
  "fan3sn": "L214WJ000C06Q",
  "fan3pn": "700-013684-0100",
  "fan2sn": "L214WJ000C07P",
  "fan2pn": "700-013684-0100",
  "psu1sn": "L214WJ000D07P",
  "psu1pn": "700-013684-0200"
}
[CMD, 10:17:51.100839] : 

[RSP, 10:17:51.184242] : 


SLX-OS (SLX)
SLX login: 
[CMD, 10:17:51.230164] : admin

[RSP, 10:17:51.298468] : admin


Password: 
[CMD, 10:17:51.317787] : password

[RSP, 10:17:51.576922] : 
2021/02/16-18:02:31, [SEC-1206], 1962,, INFO, SLX9150-48XT, Login information: User [admin via console] Last Successful Login Time : Mon Feb 15 20:01:52 2021.

SECURITY WARNING: The default password for at least
one default account (root, admin and user) have not been changed.

Welcome to the Extreme SLX-OS Software
admin connected from 127.0.0.1 using console on SLX
[?7hSLX# 
[CMD, 10:17:51.593981] : term len 0

[RSP, 10:17:51.904530] : term len 0
Successfully set This Session Terminal Length to  0.
SLX# 
[CMD, 10:17:51.924356] : dhcp ztp cancel

[RSP, 10:17:52.335777] : dhcp ztp cancel
ZTP is not enabled.
SLX# 
[CMD, 10:17:52.356527] : show version

[RSP, 10:17:52.876106] : show version

SLX-OS Operating System Version: 20.1.1
Copyright (c) 1995-2021 Extreme Networks, Inc.
Firmware name:      20.1.1
Build Time:         09:47:07 Feb  6, 2020
Install Time:       22:32:18 Apr 10, 2020
Kernel:             4.14.67
Control Processor:  Intel(R) Atom(TM) CPU C3758 @ 2.20GHz,  8 cores
Microcode Version:  0x2e
Memory Size:        System Total: 15632 MB
System Uptime:      6days 22hrs 5mins 6secs 

Name     Primary/Secondary Versions 
------------------------------------------
SLX-OS   20.1.1
         20.1.1

SLX# 
[CMD, 10:17:52.897526] : show env power

[RSP, 10:17:53.324381] : show env power

Power Supply #1 is OK
ARTESYN,700-013917-0000,L257VQ001505P,AirFlow: Port Side Exhaust
Power Supply #2 is absent

SLX# 
[CMD, 10:17:53.344386] : show env fan

[RSP, 10:17:53.740293] : show env fan
Fan 1 is Ok, speed is 11041 RPM
Fan 2 is Ok, speed is 10881 RPM
Fan 3 is Ok, speed is 11041 RPM
Fan 4 is Ok, speed is 10881 RPM
Fan 5 is Ok, speed is 10881 RPM
Fan 6 is Ok, speed is 11041 RPM

SLX# 
[CMD, 10:17:53.761446] : show chassis

[RSP, 10:17:54.200156] : show chassis

Chassis Name:	SLX9150-48XT
switchType: 3010

FAN  Unit: 1	
Time Awake:            	6 days

FAN  Unit: 2	
Time Awake:            	6 days

FAN  Unit: 3	
Time Awake:            	6 days

FAN  Unit: 4	
Time Awake:            	6 days

FAN  Unit: 5	
Time Awake:            	6 days

FAN  Unit: 6	
Time Awake:            	6 days

POWER SUPPLY  Unit: 1	
Time Awake:            	6 days
ID:           		ARTESYN
Part Num:     		700-013917-0000
Serial Num:   		L257VQ001505P

CHASSIS/WWN  Unit: 1
Power Consume Factor: 	0
Factory Part Num:      	800950-00
Factory Serial Num:    	1908Q-20179
Manufacture:           	Day: 19  Month:  2  Year: 2019
Update:                	Day: 15  Month:  2  Year: 2021
Time Alive:            	308 days
Time Awake:            	6 days


SLX# 
[CMD, 10:17:54.219028] : show system

[RSP, 10:17:54.846128] : show system
Stack MAC                     : 00:04:96:b7:86:fa
 
  -- UNIT 0 --
Unit Name                     : SLX
Up Time                       : up 6 days
Current Time                  : 18:02:34 GMT
SLX-OS Version                : 20.1.1
Jumbo Capable                 : yes
Burned In MAC                 : 00:04:96:b7:86:f0
Management IP                 : 10.24.114.233
Management Port Status        : UP
 
  -- Power Supplies --
PS1 is OK
PS2 is absent
 
  -- Fan Status --
Fan 1 is Ok, speed is 10881 RPM
Fan 2 is Ok, speed is 11041 RPM
Fan 3 is Ok, speed is 10881 RPM
Fan 4 is Ok, speed is 10881 RPM
Fan 5 is Ok, speed is 10881 RPM
Fan 6 is Ok, speed is 10881 RPM

SLX# 
[CMD, 10:17:54.864810] : exit

[RSP, 10:17:56.332395] : exit
2021/02/16-18:02:35, [SEC-3022], 1963,, INFO, SLX9150-48XT, Event: logout, Status: success, Info: Successful logout by user [admin].



SLX-OS (SLX)
SLX login: 
[INFO, 10:17:56.368527] : ====



[INFO, 10:17:56.368952] : Checking Expected Values swversion : 20.1.1/ 20.2.3_bootloader
[INFO, 10:17:56.369238] : FAILED swversion: Expected 20.2.3_bootloader/Found 20.1.1 
[INFO, 10:17:56.369398] : Terminating execution
[INFO, 10:17:56.369405] : Writing ASBF file
[INFO, 10:17:56.373363] : Completed, exiting from threads
