[INFO, 21:47:09.299192] : BaudExpress Rev-481, Last updated 2021-02-10
[INFO, 21:47:09.299210] : Starting BaudOperation for TH012040Q-40008/8720-32C-AC-R/134.141.248.18:5008
[INFO, 21:47:09.299368] : Trying to establish connection with telnet console 134.141.248.18:5008
[INFO, 21:47:14.433034] : Successfully established connection with telnet console 134.141.248.18:5008
[INFO, 21:47:14.433429] : Scanned Info: {
  "iconsole": "134.141.248.18:5008",
  "chassis_sn": "TH012040Q-40008",
  "fan1sn": "L214WJ000C06P",
  "fan1pn": "700-013684-0100",
  "fan2sn": "L214WJ000C06Q",
  "fan2pn": "700-013684-0100",
  "fan3sn": "L214WJ000C07P",
  "fan3pn": "700-013684-0100",
  "fan4sn": "L214WJ000C07P",
  "fan4pn": "700-013684-0100",
  "fan5sn": "L214WJ000C07P",
  "fan5pn": "700-013684-0100",
  "fan6sn": "L214WJ000C07P",
  "fan6pn": "700-013684-0100",
  "psu1sn": "L214WJ000D07P",
  "psu1pn": "700-013684-0200",
  "psu2sn": "L214WJ000D07P",
  "psu2pn": "700-013684-0200"
}
[CMD, 21:47:14.433552] : 

[RSP, 21:47:17.177117] : 
2021/02/11-05:47:20, [SEC-1192], 1286,, INFO, SLX, Security violation: Login failure attempt via SERIAL.

Login incorrect

SLX login: 
[CMD, 21:47:17.230388] : admin

[RSP, 21:47:17.368274] : admin
Password: 
[CMD, 21:47:17.384339] : password

[RSP, 21:47:17.575774] : 

2021/02/11-05:47:23, [SEC-1206], 1287,, INFO, 8720-32C, Login information: User [admin via console] Last Successful Login Time : Thu Feb 11 05:43:23 2021.

#########################################################################
#  This is a pre-GA image. A pre-GA image might not support all         #
#  functions. Please upgrade to an official GA SLX-OS image using       #
#  the firmware do
[CMD, 21:47:17.591175] : term len 0

[RSP, 21:47:17.675650] : wnload fullinstall command.                           #
#########################################################################
Last login: Thu Feb 11 05:43:23 2021 from 127.0.0.1
Unsuccessful attempts: 0 since last login.

SECURITY WARNING: The default password for at least
one default account (root, admin and user) have not been changed.

Welcome to the Extreme SLX-OS Software
admin connected from 127.0.0.1 using console on SLX
[?7hSLX# 
[CMD, 21:47:17.700402] : dhcp ztp cancel

[RSP, 21:47:17.930437] : term len 0

Successfully set This Session Terminal Length to  0.
SLX# dhcp ztp cancel

[CMD, 21:47:17.949502] : show version

[RSP, 21:47:18.200160] : ZTP is not enabled.
SLX# show version

[CMD, 21:47:18.215244] : show env power

[RSP, 21:47:18.682547] : 
SLX-OS Operating System Version: 20.2.3
Copyright (c) 1995-2021 Extreme Networks, Inc.
Firmware name:      20.2.3_bootloader
Build Time:         17:53:01 Dec 10, 2020
Install Time:       22:45:34 Dec 28, 2020
Kernel:             4.14.67
Control Processor:  Intel(R) Atom(TM) CPU C3758 @ 2.20GHz,  8 cores
Microcode Version:  0x32
Memory Size:        System Total: 15630 MB
System Uptime:      0days 3hrs 45mins 28secs 

Name     Primary/Secondary Versions 
------------------------------------------
SLX-OS   20.2.3_bootloader
         20.2.3_bootloader

SLX# show env power

[CMD, 21:47:18.702057] : show env fan

[RSP, 21:47:19.015229] : 
Power Supply #1 is OK
ARTESYN,700-013917-0000,L2571500JZ06P,AirFlow: Port Side Intake
Power Supply #2 is OK
ARTESYN,700-013917-0000,L2571500KE06P,AirFlow: Port Side Intake

SLX# show env fan

[CMD, 21:47:19.033550] : show chassis

[RSP, 21:47:19.402407] : Fan 1 is Ok, speed is 8480 RPM
Fan 2 is Ok, speed is 8640 RPM
Fan 3 is Ok, speed is 8640 RPM
Fan 4 is Ok, speed is 8640 RPM
Fan 5 is Ok, speed is 8640 RPM
Fan 6 is Ok, speed is 8640 RPM

SLX# show chassis

[CMD, 21:47:19.421574] : show system

[RSP, 21:47:19.880657] : 
Chassis Name:	8720-32C
switchType: 3200

FAN  Unit: 1	
Time Awake:            	0 days

FAN  Unit: 2	
Time Awake:            	0 days

FAN  Unit: 3	
Time Awake:            	0 days

FAN  Unit: 4	
Time Awake:            	0 days

FAN  Unit: 5	
Time Awake:            	0 days

FAN  Unit: 6	
Time Awake:            	0 days

POWER SUPPLY  Unit: 1	
Time Awake:            	0 days
ID:           		ARTESYN
Part Num:     		700-013917-0000
Serial Num:   		L2571500JZ06P

POWER SUPPLY  Unit: 2	
Time Awake:            	0 days
ID:           		ARTESYN
Part Num:     		700-013917-0000
Serial Num:   		L2571500KE06P

CHASSIS/WWN  Unit: 1
Power Consume Factor: 	0
Factory Part Num:      	801102-00-AA
Factory Serial Num:    	TH012052Q-40037
Manufacture:           	Day: 17  Month: 12  Year: 2020
Update:                	Day: 28  Month: 12  Year: 2020
Time Alive:            	0 days
Time Awake:            	0 days


SLX# show system

[CMD, 21:47:19.899605] : show tpm ekcert

[RSP, 21:47:21.127176] : Stack MAC                     : 40:88:2f:f8:84:05
 
  -- UNIT 0 --
Unit Name                     : SLX
Up Time                       : up 3:45
Current Time                  : 05:47:26 GMT
SLX-OS Version                : 20.2.3_bootloader
Jumbo Capable                 : yes
Burned In MAC                 : 40:88:2f:f8:84:00
Management IP                 : none
Management Port Status        : UP
 
  -- Power Supplies --
PS1 is OK
PS2 is OK
 
  -- Fan Status --
Fan 1 is Ok, speed is 8480 RPM
Fan 2 is Ok, speed is 8640 RPM
Fan 3 is Ok, speed is 8640 RPM
Fan 4 is Ok, speed is 8640 RPM
Fan 5 is Ok, speed is 8640 RPM
Fan 6 is Ok, speed is 8640 RPM
 
  -- TPM  Status --
TPM Provision status : Provisioned

SLX# show tpm ekcert

[CMD, 21:47:21.143913] : show tpm iakcert

[RSP, 21:47:21.613790] : 
 SHA1 Fingerprint=36:7A:54:A4:50:B8:39:6D:F1:BE:61:E1:85:B7:31:AB:3A:B5:2E:35
  Issuer: C=DE, O=Infineon Technologies AG, OU=OPTIGA(TM), CN=Infineon OPTIGA(TM) TPM 2.0 RSA CA 042
  Not Before: May 8 12:16:43 2020 GMT
  Not After : May 8 12:16:43 2035 GMT
SLX# show tpm iakcert

[CMD, 21:47:21.630313] : show tpm idevidcert

[RSP, 21:47:22.149944] :  SHA1 Fingerprint=A6:34:50:00:98:05:33:97:B1:2B:99:8D:B7:23:10:A8:C6:9E:A3:F4
  Subject: C=US, O=Extreme Networks, OU=Trusted Delivery, CN=8720-32C:TH012052Q-40037
  Issuer: C=US, O=Extreme Networks, OU=Trusted Delivery, CN=Extreme Networks TD Q-4 Switch LCA 20201104
  Not Before: Dec 28 22:52:15 2020 GMT
  Not After : Dec 28 22:51:15 2035 GMT
SLX# show tpm idevidcert

[CMD, 21:47:22.170067] : exit

[RSP, 21:47:22.681575] :  SHA1 Fingerprint=84:93:A2:DC:77:FF:2E:40:33:4E:AE:09:EF:33:60:7A:8B:A6:63:E6
  Subject: C=US, O=Extreme Networks, OU=Trusted Delivery, CN=8720-32C:TH012052Q-40037
  Issuer: C=US, O=Extreme Networks, OU=Trusted Delivery, CN=Extreme Networks TD Q-4 Switch LCA 20201104
  Not Before: Dec 28 22:52:16 2020 GMT
  Not After : Dec 28 22:51:16 2035 GMT
SLX# exit

[CMD, 21:47:22.702585] : 


[RSP, 21:47:24.702321] : TIMEOUT 2
[RSP, 21:47:24.702343] : 2021/02/11-05:47:28, [SEC-3022], 1288,, INFO, 8720-32C, Event: logout, Status: success, Info: Successful logout by user [admin].



SLX-OS (SLX)
SLX login: 
[INFO, 21:47:24.738787] : ====



[INFO, 21:47:24.739003] : Checking Expected Values swversion : 20.2.3_bootloader/ 20.2.3_bootloader
[INFO, 21:47:24.739199] : PASSED swversion: Expected 20.2.3_bootloader/Found 20.2.3_bootloader 
[INFO, 21:47:24.762025] : Checking Expected Values chassis_sn : TH012052Q-40037/ scanned.chassis_sn
[INFO, 21:47:24.762355] : FAILED chassis_sn: Expected TH012040Q-40008/Found TH012052Q-40037 
[INFO, 21:47:24.762575] : Terminating execution
[INFO, 21:47:24.762585] : Writing ASBF file
[INFO, 21:47:24.770401] : Completed, exiting from threads
