[INFO, 15:18:05.343104] : BaudExpress Rev-481, Last updated 2021-02-10
[INFO, 15:18:05.343126] : Starting BaudOperation for TH012040Q-40008/SLX9150-48XT-6C-AC-F/10.31.221.215:3010
[INFO, 15:18:05.343299] : Trying to establish connection with telnet console 10.31.221.215:3010
[INFO, 15:18:10.363285] : Successfully established connection with telnet console 10.31.221.215:3010
[INFO, 15:18:10.363934] : Scanned Info: {
  "iconsole": "10.31.221.215:3010",
  "chassis_sn": "TH012040Q-40008",
  "fan1sn": "L214WJ000C06P",
  "fan1pn": "700-013684-0100",
  "fan3sn": "L214WJ000C06Q",
  "fan3pn": "700-013684-0100",
  "fan2sn": "L214WJ000C07P",
  "fan2pn": "700-013684-0100",
  "psu1sn": "L214WJ000D07P",
  "psu1pn": "700-013684-0200"
}
[CMD, 15:18:10.364067] : 

[RSP, 15:18:10.706831] : 


SLX-OS (SLX)
SLX login: 
[CMD, 15:18:10.794205] : admin

[RSP, 15:18:10.951787] : admin


Password: 
[CMD, 15:18:10.967680] : password

[RSP, 15:18:11.231186] : 

SECURITY WARNING: The default password for at least
one default account (root, admin and user) have not been changed.

Welcome to the Extreme SLX-OS Software
admin connected from 127.0.0.1 using console on SLX
[?7hSLX# 
[CMD, 15:18:11.252215] : term len 0

[RSP, 15:18:11.755209] : term len 0
Successfully set This Session Terminal Length to  0.
SLX# 
[CMD, 15:18:11.774938] : dhcp ztp cancel

[RSP, 15:18:13.328005] : dhcp ztp cancel
This command is terminating the existing ZTP session.
ZTP is canceled.
SLX# 
[CMD, 15:18:13.350829] : show version

[RSP, 15:18:13.902420] : show version

SLX-OS Operating System Version: 20.1.1
Copyright (c) 1995-2021 Extreme Networks, Inc.
Firmware name:      20.1.1
Build Time:         09:47:07 Feb  6, 2020
Install Time:       22:32:18 Apr 10, 2020
Kernel:             4.14.67
Control Processor:  Intel(R) Atom(TM) CPU C3758 @ 2.20GHz,  8 cores
Microcode Version:  0x2e
Memory Size:        System Total: 15632 MB
System Uptime:      0days 0hrs 10mins 27secs 

Name     Primary/Secondary Versions 
------------------------------------------
SLX-OS   20.1.1
         20.1.1

SLX# 
[CMD, 15:18:13.927091] : show env power

[RSP, 15:18:14.376344] : show env power

Power Supply #1 is OK
ARTESYN,700-013917-0000,L257VQ001505P,AirFlow: Port Side Exhaust
Power Supply #2 is absent

SLX# 
[CMD, 15:18:14.481326] : show env fan

[RSP, 15:18:15.426052] : show env fan
Fan 1 is Ok, speed is 11681 RPM
Fan 2 is Ok, speed is 11681 RPM
Fan 3 is Ok, speed is 11681 RPM
Fan 4 is Ok, speed is 11681 RPM
Fan 5 is Ok, speed is 11681 RPM
Fan 6 is Ok, speed is 11681 RPM

SLX# 
[CMD, 15:18:15.633000] : show chassis

[RSP, 15:18:16.191854] : show chassis

Chassis Name:	SLX9150-48XT
switchType: 3010

FAN  Unit: 1	
Time Awake:            	0 days

FAN  Unit: 2	
Time Awake:            	0 days

FAN  Unit: 3	
Time Awake:            	0 days

FAN  Unit: 4	
Time Awake:            	0 days

FAN  Unit: 5	
Time Awake:            	0 days

FAN  Unit: 6	
Time Awake:            	0 days

POWER SUPPLY  Unit: 1	
Time Awake:            	0 days
ID:           		ARTESYN
Part Num:     		700-013917-0000
Serial Num:   		L257VQ001505P

CHASSIS/WWN  Unit: 1
Power Consume Factor: 	0
Factory Part Num:      	800950-00
Factory Serial Num:    	1908Q-20179
Manufacture:           	Day: 19  Month:  2  Year: 2019
Update:                	Day: 16  Month:  2  Year: 2021
Time Alive:            	309 days
Time Awake:            	0 days


SLX# 
[CMD, 15:18:16.214475] : show system

[RSP, 15:18:16.867738] : show system
Stack MAC                     : 00:04:96:b7:86:fa
 
  -- UNIT 0 --
Unit Name                     : SLX
Up Time                       : up 10 min
Current Time                  : 23:02:47 GMT
SLX-OS Version                : 20.1.1
Jumbo Capable                 : yes
Burned In MAC                 : 00:04:96:b7:86:f0
Management IP                 : 10.24.114.233
Management Port Status        : UP
 
  -- Power Supplies --
PS1 is OK
PS2 is absent
 
  -- Fan Status --
Fan 1 is Ok, speed is 11681 RPM
Fan 2 is Ok, speed is 11681 RPM
Fan 3 is Ok, speed is 11681 RPM
Fan 4 is Ok, speed is 11681 RPM
Fan 5 is Ok, speed is 11681 RPM
Fan 6 is Ok, speed is 11681 RPM

SLX# 
[CMD, 15:18:17.142291] : exit

[RSP, 15:18:18.570491] : exit



SLX-OS (SLX)
SLX login: 
[INFO, 15:18:18.747536] : ====



[INFO, 15:18:18.747809] : Checking Expected Values swversion : 20.1.1/ 20.2.3_bootloader
[INFO, 15:18:18.748051] : FAILED swversion: Expected 20.2.3_bootloader/Found 20.1.1 
[INFO, 15:18:18.748364] : Terminating execution
[INFO, 15:18:18.748375] : Writing ASBF file
[INFO, 15:18:18.749515] : Completed, exiting from threads
